
══════════════════════════════════════════════════════════════
RODADA #1 - SIMULAÇÃO DE ENERGIA
══════════════════════════════════════════════════════════════

🌟 ENERGIA TOTAL GERADA PELAS USINAS: 4048,89 MW
💾 ENERGIA ARMAZENADA ANTES DA RODADA: 0,00 MW

🏙️  STATUS DAS CIDADES:
- São Paulo        → Recebeu: 1615,69 | Consumo: 1615,69 | Saldo: OK
- Campinas         → Recebeu: 1077,13 | Consumo: 1077,13 | Saldo: OK
- Santos           → Recebeu:  807,85 | Consumo:  807,85 | Saldo: OK
- Ribeirão Preto   → Recebeu:  548,22 | Consumo:  673,21 | ⚠️ FALTOU -124,98 MW

──────────────────────────────────────────────────────────────

⚡ USO DA ENERGIA ARMAZENADA:
⚠️ Ribeirão Preto precisou de +0,00 MW da energia armazenada

💡 NOVO SALDO DE ENERGIA ARMAZENADA: 0,00 MW
══════════════════════════════════════════════════════════════


══════════════════════════════════════════════════════════════
RODADA #2 - SIMULAÇÃO DE ENERGIA
══════════════════════════════════════════════════════════════

🌟 ENERGIA TOTAL GERADA PELAS USINAS: 4320,09 MW
💾 ENERGIA ARMAZENADA ANTES DA RODADA: 0,00 MW

🏙️  STATUS DAS CIDADES:
- São Paulo        → Recebeu: 1663,64 | Consumo: 1663,64 | Saldo: OK
- Campinas         → Recebeu: 1109,10 | Consumo: 1109,10 | Saldo: OK
- Santos           → Recebeu:  831,82 | Consumo:  831,82 | Saldo: OK
- Ribeirão Preto   → Recebeu:  693,19 | Consumo:  693,19 | Saldo: OK

──────────────────────────────────────────────────────────────

💡 NOVO SALDO DE ENERGIA ARMAZENADA: 0,00 MW
══════════════════════════════════════════════════════════════

